build/intermediates/manifest_merge_blame_file/debug/manifest-merger-blame-debug-report.txt
1<?xml version="1.0" encoding="utf-8"?>
2<manifest xmlns:android="http://schemas.android.com/apk/res/android"
3    package="com.avenashp.VRopto"
4    android:installLocation="preferExternal"
5    android:versionCode="1"
6    android:versionName="0.1" >
7
8    <uses-sdk
9        android:minSdkVersion="21"
9-->src\main\AndroidManifest.xml
10        android:targetSdkVersion="29" />
10-->src\main\AndroidManifest.xml
11
12    <uses-permission android:name="android.permission.READ_EXTERNAL_STORAGE" />
12-->src\main\AndroidManifest.xml:9:5-10:67
12-->src\main\AndroidManifest.xml:10:9-64
13    <uses-permission android:name="android.permission.INTERNET" />
13-->src\main\AndroidManifest.xml:11:5-12:54
13-->src\main\AndroidManifest.xml:12:9-51
14    <uses-permission
14-->src\main\AndroidManifest.xml:13:5-15:38
15        android:name="android.permission.WRITE_EXTERNAL_STORAGE"
15-->src\main\AndroidManifest.xml:14:9-65
16        android:maxSdkVersion="18" />
16-->src\main\AndroidManifest.xml:15:9-35
17
18    <uses-feature android:glEsVersion="0x00020000" />
18-->src\main\AndroidManifest.xml:16:5-17:44
18-->src\main\AndroidManifest.xml:17:9-41
19    <uses-feature
19-->src\main\AndroidManifest.xml:18:5-20:36
20        android:name="android.hardware.touchscreen"
20-->src\main\AndroidManifest.xml:19:9-52
21        android:required="false" />
21-->src\main\AndroidManifest.xml:20:9-33
22    <uses-feature
22-->src\main\AndroidManifest.xml:21:5-23:36
23        android:name="android.hardware.touchscreen.multitouch"
23-->src\main\AndroidManifest.xml:22:9-63
24        android:required="false" />
24-->src\main\AndroidManifest.xml:23:9-33
25    <uses-feature
25-->src\main\AndroidManifest.xml:24:5-26:36
26        android:name="android.hardware.touchscreen.multitouch.distinct"
26-->src\main\AndroidManifest.xml:25:9-72
27        android:required="false" />
27-->src\main\AndroidManifest.xml:26:9-33
28
29    <supports-gl-texture android:name="GL_OES_compressed_ETC1_RGB8_texture" />
29-->src\main\AndroidManifest.xml:27:5-28:62
29-->src\main\AndroidManifest.xml:28:9-59
30    <!-- Although the *SdkVersion is captured in gradle build files, this is required for non gradle builds -->
31    <!-- <uses-sdk android:minSdkVersion="14"/> -->
32    <uses-permission android:name="android.permission.ACCESS_NETWORK_STATE" />
32-->[com.google.firebase:firebase-database:19.2.0] AndroidManifest.xml:25:5-79
32-->[com.google.firebase:firebase-database:19.2.0] AndroidManifest.xml:25:22-76
33
34    <application
34-->src\main\AndroidManifest.xml:30:5-99:19
35        android:allowBackup="true"
35-->src\main\AndroidManifest.xml:31:9-35
36        android:appComponentFactory="androidx.core.app.CoreComponentFactory"
36-->[androidx.core:core:1.1.0] AndroidManifest.xml:24:18-86
37        android:banner="@drawable/app_banner"
37-->src\main\AndroidManifest.xml:32:9-46
38        android:debuggable="true"
39        android:icon="@drawable/newlogoflat"
39-->src\main\AndroidManifest.xml:33:9-45
40        android:isGame="true"
40-->src\main\AndroidManifest.xml:34:9-30
41        android:label="@string/app_name"
41-->src\main\AndroidManifest.xml:35:9-41
42        android:roundIcon="@drawable/newlogoround"
42-->src\main\AndroidManifest.xml:36:9-51
43        android:supportsRtl="true"
43-->src\main\AndroidManifest.xml:37:9-35
44        android:theme="@style/AppTheme" >
44-->src\main\AndroidManifest.xml:38:9-40
45        <activity
45-->src\main\AndroidManifest.xml:40:9-42:71
46            android:name="com.avenashp.VRopto.profileActivity"
46-->src\main\AndroidManifest.xml:41:13-44
47            android:theme="@style/Theme.AppCompat.Light.NoActionBar" />
47-->src\main\AndroidManifest.xml:42:13-69
48        <activity
48-->src\main\AndroidManifest.xml:43:9-45:72
49            android:name="com.avenashp.VRopto.aboutActivity"
49-->src\main\AndroidManifest.xml:44:13-42
50            android:theme="@style/Theme.AppCompat.Light.NoActionBar" />
50-->src\main\AndroidManifest.xml:45:13-69
51        <activity android:name="com.avenashp.VRopto.checkboxActivity" />
51-->src\main\AndroidManifest.xml:46:9-47:48
51-->src\main\AndroidManifest.xml:47:13-45
52        <activity android:name="com.avenashp.VRopto.homeActivity" />
52-->src\main\AndroidManifest.xml:48:9-49:44
52-->src\main\AndroidManifest.xml:49:13-41
53        <activity android:name="com.avenashp.VRopto.questionActivity" />
53-->src\main\AndroidManifest.xml:50:9-51:48
53-->src\main\AndroidManifest.xml:51:13-45
54        <activity
54-->src\main\AndroidManifest.xml:52:9-54:47
55            android:name="com.avenashp.VRopto.resultActivity"
55-->src\main\AndroidManifest.xml:53:13-43
56            android:theme="@style/AppTheme" />
56-->src\main\AndroidManifest.xml:54:13-44
57        <activity
57-->src\main\AndroidManifest.xml:55:9-57:48
58            android:name="com.avenashp.VRopto.userselectionActivity"
58-->src\main\AndroidManifest.xml:56:13-50
59            android:theme="@style/AppTheme0" />
59-->src\main\AndroidManifest.xml:57:13-45
60        <activity
60-->src\main\AndroidManifest.xml:58:9-60:48
61            android:name="com.avenashp.VRopto.registerActivity"
61-->src\main\AndroidManifest.xml:59:13-45
62            android:theme="@style/AppTheme0" />
62-->src\main\AndroidManifest.xml:60:13-45
63        <activity
63-->src\main\AndroidManifest.xml:61:9-63:48
64            android:name="com.avenashp.VRopto.loginActivity"
64-->src\main\AndroidManifest.xml:62:13-42
65            android:theme="@style/AppTheme0" />
65-->src\main\AndroidManifest.xml:63:13-45
66        <activity
66-->src\main\AndroidManifest.xml:64:9-73:20
67            android:name="com.avenashp.VRopto.splashActivity"
67-->src\main\AndroidManifest.xml:65:13-43
68            android:theme="@style/AppTheme0" >
68-->src\main\AndroidManifest.xml:66:13-45
69            <intent-filter>
69-->src\main\AndroidManifest.xml:67:13-72:29
70                <action android:name="android.intent.action.MAIN" />
70-->src\main\AndroidManifest.xml:68:17-69
70-->src\main\AndroidManifest.xml:68:25-66
71
72                <category android:name="android.intent.category.LAUNCHER" />
72-->src\main\AndroidManifest.xml:69:17-77
72-->src\main\AndroidManifest.xml:69:27-74
73                <category android:name="android.intent.category.LEANBACK_LAUNCHER" />
73-->src\main\AndroidManifest.xml:70:17-86
73-->src\main\AndroidManifest.xml:70:27-83
74                <category android:name="com.google.intent.category.CARDBOARD" />
74-->src\main\AndroidManifest.xml:71:17-81
74-->src\main\AndroidManifest.xml:71:27-78
75            </intent-filter>
76        </activity>
77        <activity
77-->src\main\AndroidManifest.xml:75:9-85:20
78            android:name="com.avenashp.VRopto.UnityPlayerActivity"
78-->src\main\AndroidManifest.xml:76:13-48
79            android:configChanges="mcc|mnc|locale|touchscreen|keyboard|keyboardHidden|navigation|orientation|screenLayout|uiMode|screenSize|smallestScreenSize|fontScale|layoutDirection|density"
79-->src\main\AndroidManifest.xml:77:13-194
80            android:hardwareAccelerated="false"
80-->src\main\AndroidManifest.xml:78:13-48
81            android:label="@string/app_name"
81-->src\main\AndroidManifest.xml:79:13-45
82            android:launchMode="singleTask"
82-->src\main\AndroidManifest.xml:80:13-44
83            android:screenOrientation="fullSensor" >
83-->src\main\AndroidManifest.xml:81:13-51
84            <meta-data
84-->src\main\AndroidManifest.xml:82:13-84:40
85                android:name="unityplayer.UnityActivity"
85-->src\main\AndroidManifest.xml:83:17-57
86                android:value="true" />
86-->src\main\AndroidManifest.xml:84:17-37
87        </activity>
88
89        <meta-data
89-->src\main\AndroidManifest.xml:87:9-89:36
90            android:name="unityplayer.SkipPermissionsDialog"
90-->src\main\AndroidManifest.xml:88:13-61
91            android:value="true" />
91-->src\main\AndroidManifest.xml:89:13-33
92        <meta-data
92-->src\main\AndroidManifest.xml:90:9-92:68
93            android:name="unity.build-id"
93-->src\main\AndroidManifest.xml:91:13-42
94            android:value="bb54c25c-0e34-4c38-adbe-36c1af0b9737" />
94-->src\main\AndroidManifest.xml:92:13-65
95        <meta-data
95-->src\main\AndroidManifest.xml:93:9-95:33
96            android:name="unity.splash-mode"
96-->src\main\AndroidManifest.xml:94:13-45
97            android:value="0" />
97-->src\main\AndroidManifest.xml:95:13-30
98        <meta-data
98-->src\main\AndroidManifest.xml:96:9-98:37
99            android:name="unity.splash-enable"
99-->src\main\AndroidManifest.xml:97:13-47
100            android:value="False" />
100-->src\main\AndroidManifest.xml:98:13-34
101
102        <activity
102-->[com.google.firebase:firebase-auth:19.1.0] AndroidManifest.xml:24:9-31:50
103            android:name="com.google.firebase.auth.internal.FederatedSignInActivity"
103-->[com.google.firebase:firebase-auth:19.1.0] AndroidManifest.xml:25:13-85
104            android:excludeFromRecents="true"
104-->[com.google.firebase:firebase-auth:19.1.0] AndroidManifest.xml:26:13-46
105            android:exported="true"
105-->[com.google.firebase:firebase-auth:19.1.0] AndroidManifest.xml:27:13-36
106            android:launchMode="singleTask"
106-->[com.google.firebase:firebase-auth:19.1.0] AndroidManifest.xml:28:13-44
107            android:permission="com.google.firebase.auth.api.gms.permission.LAUNCH_FEDERATED_SIGN_IN"
107-->[com.google.firebase:firebase-auth:19.1.0] AndroidManifest.xml:29:13-102
108            android:theme="@android:style/Theme.Translucent.NoTitleBar" />
108-->[com.google.firebase:firebase-auth:19.1.0] AndroidManifest.xml:30:13-72
109
110        <service
110-->[com.google.firebase:firebase-auth:19.1.0] AndroidManifest.xml:33:9-39:19
111            android:name="com.google.firebase.components.ComponentDiscoveryService"
111-->[com.google.firebase:firebase-auth:19.1.0] AndroidManifest.xml:34:13-84
112            android:directBootAware="true"
112-->[com.google.firebase:firebase-common:19.2.0] AndroidManifest.xml:15:13-43
113            android:exported="false" >
113-->[com.google.firebase:firebase-auth:19.1.0] AndroidManifest.xml:35:13-37
114            <meta-data
114-->[com.google.firebase:firebase-auth:19.1.0] AndroidManifest.xml:36:13-38:85
115                android:name="com.google.firebase.components:com.google.firebase.auth.FirebaseAuthRegistrar"
115-->[com.google.firebase:firebase-auth:19.1.0] AndroidManifest.xml:37:17-109
116                android:value="com.google.firebase.components.ComponentRegistrar" />
116-->[com.google.firebase:firebase-auth:19.1.0] AndroidManifest.xml:38:17-82
117            <meta-data
117-->[com.google.firebase:firebase-database:19.2.0] AndroidManifest.xml:32:13-34:85
118                android:name="com.google.firebase.components:com.google.firebase.database.DatabaseRegistrar"
118-->[com.google.firebase:firebase-database:19.2.0] AndroidManifest.xml:33:17-109
119                android:value="com.google.firebase.components.ComponentRegistrar" />
119-->[com.google.firebase:firebase-database:19.2.0] AndroidManifest.xml:34:17-82
120            <meta-data
120-->[com.google.firebase:firebase-storage:19.1.0] AndroidManifest.xml:33:13-35:85
121                android:name="com.google.firebase.components:com.google.firebase.storage.StorageRegistrar"
121-->[com.google.firebase:firebase-storage:19.1.0] AndroidManifest.xml:34:17-107
122                android:value="com.google.firebase.components.ComponentRegistrar" />
122-->[com.google.firebase:firebase-storage:19.1.0] AndroidManifest.xml:35:17-82
123        </service>
124
125        <activity
125-->[com.google.android.gms:play-services-base:17.1.0] AndroidManifest.xml:23:9-26:75
126            android:name="com.google.android.gms.common.api.GoogleApiActivity"
126-->[com.google.android.gms:play-services-base:17.1.0] AndroidManifest.xml:24:13-79
127            android:exported="false"
127-->[com.google.android.gms:play-services-base:17.1.0] AndroidManifest.xml:25:13-37
128            android:theme="@android:style/Theme.Translucent.NoTitleBar" />
128-->[com.google.android.gms:play-services-base:17.1.0] AndroidManifest.xml:26:13-72
129
130        <provider
130-->[com.google.firebase:firebase-common:19.2.0] AndroidManifest.xml:19:9-23:39
131            android:name="com.google.firebase.provider.FirebaseInitProvider"
131-->[com.google.firebase:firebase-common:19.2.0] AndroidManifest.xml:20:13-77
132            android:authorities="com.avenashp.VRopto.firebaseinitprovider"
132-->[com.google.firebase:firebase-common:19.2.0] AndroidManifest.xml:21:13-72
133            android:exported="false"
133-->[com.google.firebase:firebase-common:19.2.0] AndroidManifest.xml:22:13-37
134            android:initOrder="100" />
134-->[com.google.firebase:firebase-common:19.2.0] AndroidManifest.xml:23:13-36
135
136        <meta-data
136-->[com.google.android.gms:play-services-basement:17.0.0] AndroidManifest.xml:23:9-25:69
137            android:name="com.google.android.gms.version"
137-->[com.google.android.gms:play-services-basement:17.0.0] AndroidManifest.xml:24:13-58
138            android:value="@integer/google_play_services_version" />
138-->[com.google.android.gms:play-services-basement:17.0.0] AndroidManifest.xml:25:13-66
139
140        <provider
140-->[androidx.lifecycle:lifecycle-process:2.1.0] AndroidManifest.xml:23:9-27:43
141            android:name="androidx.lifecycle.ProcessLifecycleOwnerInitializer"
141-->[androidx.lifecycle:lifecycle-process:2.1.0] AndroidManifest.xml:24:13-79
142            android:authorities="com.avenashp.VRopto.lifecycle-process"
142-->[androidx.lifecycle:lifecycle-process:2.1.0] AndroidManifest.xml:25:13-69
143            android:exported="false"
143-->[androidx.lifecycle:lifecycle-process:2.1.0] AndroidManifest.xml:26:13-37
144            android:multiprocess="true" />
144-->[androidx.lifecycle:lifecycle-process:2.1.0] AndroidManifest.xml:27:13-40
145    </application>
146
147</manifest>